Removed Pin From Net: NetName=GND Pin=COM1-0
Removed Pin From Net: NetName=GND Pin=COM1-0
Removed Pin From Net: NetName=GND Pin=COM1-0
Removed Pin From Net: NetName=GND Pin=COM1-0
Removed Pin From Net: NetName=GND Pin=U4-1
Removed Pin From Net: NetName=VDD Pin=U4-3
Removed Pin From Net: NetName=VDD Pin=U4-4
Removed Pin From Net: NetName=GND Pin=U4-5
Removed Pin From Net: NetName=GND Pin=U4-6
Removed Pin From Net: NetName=D/C Pin=U4-7
Removed Pin From Net: NetName=NSS Pin=U4-8
Removed Pin From Net: NetName=SCLK Pin=U4-9
Removed Pin From Net: NetName=MOSI Pin=U4-10
Removed Pin From Net: NetName=RES Pin=U4-11
Removed Pin From Net: NetName=GND Pin=U4-12
Change Component Comment : Designator=R13 Old Comment=30¦¸ New Comment=4.7K
Change Component Designator: OldDesignator=R14 NewDesignator=R18
Change Component Designator: OldDesignator=R15 NewDesignator=R14
Change Component Designator: OldDesignator=R16 NewDesignator=R15
Change Component Designator: OldDesignator=R17 NewDesignator=R16
Change Component Designator: OldDesignator=U5 NewDesignator=U4
Added Component: Designator=C18(CAP_0603)
Added Component: Designator=C19(CAP_0603)
Added Component: Designator=C20(CAP_0603)
Added Component: Designator=C21(CAP_0603)
Added Component: Designator=C22(CAP_0603)
Added Component: Designator=R17(RESC_0603_2)
Added Component: Designator=R19(RESC_0603_2)
Added Component: Designator=R20(RESC_0603_2)
Added Component: Designator=U5(OLED_0.96)
Added Pin To Net: NetName=VDD Pin=C20-1
Added Pin To Net: NetName=GND Pin=C20-2
Added Pin To Net: NetName=GND Pin=C21-2
Added Pin To Net: NetName=GND Pin=C22-2
Added Pin To Net: NetName=GND Pin=R17-1
Added Pin To Net: NetName=D/C Pin=R19-1
Added Pin To Net: NetName=GND Pin=R19-2
Added Pin To Net: NetName=GND Pin=R20-2
Added Pin To Net: NetName=GND Pin=U5-1
Added Pin To Net: NetName=VDD Pin=U5-6
Added Pin To Net: NetName=GND Pin=U5-8
Added Pin To Net: NetName=VDD Pin=U5-9
Added Pin To Net: NetName=GND Pin=U5-10
Added Pin To Net: NetName=VDD Pin=U5-11
Added Pin To Net: NetName=GND Pin=U5-12
Added Pin To Net: NetName=GND Pin=U5-13
Added Pin To Net: NetName=RES Pin=U5-14
Added Pin To Net: NetName=D/C Pin=U5-15
Added Pin To Net: NetName=GND Pin=U5-16
Added Pin To Net: NetName=GND Pin=U5-17
Added Pin To Net: NetName=GND Pin=U5-21
Added Pin To Net: NetName=GND Pin=U5-22
Added Pin To Net: NetName=GND Pin=U5-23
Added Pin To Net: NetName=GND Pin=U5-24
Added Pin To Net: NetName=GND Pin=U5-25
Added Pin To Net: NetName=GND Pin=U5-29
Added Pin To Net: NetName=GND Pin=U5-30
Change Net Name : Old Net Name=NetR16_1 New Net Name=NetR15_1
Added Pin To Net: NetName=NetC18_1 Pin=C18-1
Added Pin To Net: NetName=NetC18_1 Pin=U5-2
Added Net: Name=NetC18_1
Added Pin To Net: NetName=NetC18_2 Pin=C18-2
Added Pin To Net: NetName=NetC18_2 Pin=U5-3
Added Net: Name=NetC18_2
Added Pin To Net: NetName=NetC19_1 Pin=C19-1
Added Pin To Net: NetName=NetC19_1 Pin=U5-4
Added Net: Name=NetC19_1
Added Pin To Net: NetName=NetC19_2 Pin=C19-2
Added Pin To Net: NetName=NetC19_2 Pin=U5-5
Added Net: Name=NetC19_2
Added Pin To Net: NetName=NetC21_1 Pin=C21-1
Added Pin To Net: NetName=NetC21_1 Pin=U5-27
Added Net: Name=NetC21_1
Added Pin To Net: NetName=NetC22_1 Pin=C22-1
Added Pin To Net: NetName=NetC22_1 Pin=U5-28
Added Net: Name=NetC22_1
Added Pin To Net: NetName=NetR20_1 Pin=R20-1
Added Pin To Net: NetName=NetR20_1 Pin=U5-26
Added Net: Name=NetR20_1
Added Pin To Net: NetName=SCL Pin=MCU1-29
Added Pin To Net: NetName=SCL Pin=R13-2
Added Pin To Net: NetName=SCL Pin=U5-18
Added Net: Name=SCL
Added Pin To Net: NetName=SDA Pin=MCU1-30
Added Pin To Net: NetName=SDA Pin=R17-2
Added Pin To Net: NetName=SDA Pin=U5-19
Added Pin To Net: NetName=SDA Pin=U5-20
Added Net: Name=SDA
Added Member To Class: ClassName=Sheet2 Member=Component C18 1uF
Added Member To Class: ClassName=Sheet2 Member=Component C19 1uF
Added Member To Class: ClassName=Sheet2 Member=Component C20 1uF
Added Member To Class: ClassName=Sheet2 Member=Component C21 4.7uF
Added Member To Class: ClassName=Sheet2 Member=Component C22 2.2uF
Added Member To Class: ClassName=Sheet2 Member=Component R18 6.8K
Added Member To Class: ClassName=Sheet2 Member=Component R19 10K
Added Member To Class: ClassName=Sheet2 Member=Component R20 620K
Added Room: Name=Sheet2
Added Room: Name=Sheet
