Change Component Designator: OldDesignator=R4 NewDesignator=R5
Change Component Designator: OldDesignator=R5 NewDesignator=R6
Change Component Designator: OldDesignator=R6 NewDesignator=R7
Change Component Designator: OldDesignator=R7 NewDesignator=R8
Change Component Designator: OldDesignator=R8 NewDesignator=R9
Change Component Designator: OldDesignator=R9 NewDesignator=R10
Change Component Designator: OldDesignator=R10 NewDesignator=R11
Change Component Designator: OldDesignator=R11 NewDesignator=R12
Change Component Designator: OldDesignator=R12 NewDesignator=R13
Change Component Designator: OldDesignator=R13 NewDesignator=R14
Change Component Designator: OldDesignator=R14 NewDesignator=R15
Change Component Designator: OldDesignator=R15 NewDesignator=R16
Added Component: Designator=R4(RESC_0603_2)
Added Pin To Net: NetName=VCC Pin=R4-2
Change Net Name : Old Net Name=NetR11_2 New Net Name=NetR12_2
Change Net Name : Old Net Name=NetR12_2 New Net Name=NetR13_2
Change Net Name : Old Net Name=NetR14_1 New Net Name=NetR15_1
Added Pin To Net: NetName=NetR4_1 Pin=R4-1
Added Pin To Net: NetName=NetR4_1 Pin=U1-4
Added Net: Name=NetR4_1
Added Member To Class: ClassName=Sheet Member=Component R11 10K
Added Room: Name=Sheet2
Added Room: Name=Sheet
